Arguments: 
  /Users/amiller/.nvm/versions/node/v16.13.0/bin/node /opt/homebrew/Cellar/yarn/1.22.17_2/libexec/bin/yarn.js add apollo-server graphql

PATH: 
  /Users/amiller/.nvm/versions/node/v16.13.0/bin:/Users/amiller/.nvm/versions/node/v16.13.0/bin:/opt/homebrew/bin:/opt/homebrew/sbin:/usr/local/bin:/usr/bin:/bin:/usr/sbin:/sbin:/usr/local/go/bin:/opt/X11/bin:/Users/amiller/.nvm/versions/node/v16.13.0/bin:/opt/homebrew/bin:/opt/homebrew/sbin:/Users/amiller/.fig/bin

Yarn version: 
  1.22.17

Node version: 
  16.13.0

Platform: 
  darwin arm64

Trace: 
  SyntaxError: /Users/amiller/Desktop/Personal/repositories/react-graphql-mqtt/packages/server/package.json: Unexpected token } in JSON at position 111
      at JSON.parse (<anonymous>)
      at /opt/homebrew/Cellar/yarn/1.22.17_2/libexec/lib/cli.js:1625:59
      at Generator.next (<anonymous>)
      at step (/opt/homebrew/Cellar/yarn/1.22.17_2/libexec/lib/cli.js:310:30)
      at /opt/homebrew/Cellar/yarn/1.22.17_2/libexec/lib/cli.js:321:13

npm manifest: 
  {
    "name": "@react-graphql-mqtt/server",
    "version": "0.0.0",
    "scripts": {
      "start": "node index.js",
    },
    "dependencies": {
    },
    "devDependencies": {
    },
    "license": "Apache-2.0"
  }

yarn manifest: 
  No manifest

Lockfile: 
  No lockfile
